<?xml version="1.0" encoding="UTF-8"?>
<!-- Generated by org.testng.reporters.JUnitReportReporter -->
<testsuite skipped="0" hostname="RIYA" name="Task.Class.MercuryTours" tests="5" failures="0" timestamp="2021-12-20T22:14:45 IST" time="77.724" errors="0">
  <testcase name="Register" time="13.664" classname="Task.Class.MercuryTours"/>
  <system-out/>
  <testcase name="Register" time="16.634" classname="Task.Class.MercuryTours"/>
  <system-out/>
  <testcase name="Register" time="16.323" classname="Task.Class.MercuryTours"/>
  <system-out/>
  <testcase name="Register" time="17.683" classname="Task.Class.MercuryTours"/>
  <system-out/>
  <testcase name="Register" time="13.420" classname="Task.Class.MercuryTours"/>
  <system-out/>
</testsuite> <!-- Task.Class.MercuryTours -->
